2026-03-04 21:37:06,195 [INFO] Activator:176 - 


2026-03-04 21:37:06,198 [INFO] Activator:177 - !SESSION log4j initialized
2026-03-04 21:37:09,752 [INFO] LogOutputStream:77 - [STDOUT_REDIRECT] 
2026-03-04 21:37:09,942 [INFO] LogOutputStream:77 - [STDOUT_REDIRECT] Start the detection of the machine's architecture
2026-03-04 21:37:09,955 [INFO] LogOutputStream:77 - [STDOUT_REDIRECT] use arm architecture
2026-03-04 21:37:09,955 [INFO] LogOutputStream:77 - [STDOUT_REDIRECT] Architecture: Apple Silicon (ARM64)
2026-03-04 21:44:58,779 [ERROR] LogOutputStream:75 - [STDERR_REDIRECT] 
2026-03-04 21:47:34,475 [INFO] Activator:176 - 


2026-03-04 21:47:34,476 [INFO] Activator:177 - !SESSION log4j initialized
2026-03-04 21:47:36,091 [INFO] LogOutputStream:77 - [STDOUT_REDIRECT] 
2026-03-04 21:47:36,426 [INFO] LogOutputStream:77 - [STDOUT_REDIRECT] Start the detection of the machine's architecture
2026-03-04 21:47:36,435 [INFO] LogOutputStream:77 - [STDOUT_REDIRECT] use arm architecture
2026-03-04 21:47:36,436 [INFO] LogOutputStream:77 - [STDOUT_REDIRECT] Architecture: Apple Silicon (ARM64)
2026-03-04 21:48:11,410 [ERROR] LogOutputStream:75 - [STDERR_REDIRECT] 
2026-03-04 21:51:05,080 [INFO] Activator:176 - 


2026-03-04 21:51:05,081 [INFO] Activator:177 - !SESSION log4j initialized
2026-03-04 21:51:07,612 [INFO] LogOutputStream:77 - [STDOUT_REDIRECT] 
2026-03-04 21:51:08,001 [INFO] LogOutputStream:77 - [STDOUT_REDIRECT] Start the detection of the machine's architecture
2026-03-04 21:51:08,012 [INFO] LogOutputStream:77 - [STDOUT_REDIRECT] use arm architecture
2026-03-04 21:51:08,012 [INFO] LogOutputStream:77 - [STDOUT_REDIRECT] Architecture: Apple Silicon (ARM64)
2026-03-04 21:58:44,863 [ERROR] LogOutputStream:75 - [STDERR_REDIRECT] 
2026-03-04 22:05:00,300 [INFO] Activator:176 - 


2026-03-04 22:05:00,303 [INFO] Activator:177 - !SESSION log4j initialized
2026-03-04 22:05:06,197 [INFO] LogOutputStream:77 - [STDOUT_REDIRECT] 
2026-03-04 22:05:07,067 [INFO] LogOutputStream:77 - [STDOUT_REDIRECT] Start the detection of the machine's architecture
2026-03-04 22:05:07,960 [INFO] LogOutputStream:77 - [STDOUT_REDIRECT] use arm architecture
2026-03-04 22:05:07,960 [INFO] LogOutputStream:77 - [STDOUT_REDIRECT] Architecture: Apple Silicon (ARM64)
